2024-11-07 11:09:16,978 - INFO - Trabajando en "MARIANO SEGUNDO TORRES MONTES .pdf"...
2024-11-07 11:09:16,991 - INFO - Trabajando en "EINAR STEN ESCAF RAAD.pdf"...
2024-11-07 11:09:17,007 - INFO - Trabajando en "TANIA JANNETT IGLESIAS RODRIGUEZ.pdf"...
2024-11-07 11:09:17,016 - INFO - Trabajando en "ARLINGTON LEE PARDO PLAZA.pdf"...
2024-11-07 11:09:17,029 - INFO - Trabajando en "RO CESAR ATENCIA ESCORCIA.pdf"...
2024-11-07 11:09:17,041 - INFO - Trabajando en "MARIA LUCIA ACOSTA .pdf"...
2024-11-07 11:09:17,051 - INFO - Trabajando en "SALWA AMASTHA TALGHE.pdf"...
2024-11-07 11:09:17,058 - INFO - Trabajando en "WILFER ANDRES DONADO.pdf"...
2024-11-07 11:09:17,065 - INFO - Trabajando en "ANGEL JOSE POLO JIMENEZ.pdf"...
2024-11-07 11:09:17,086 - INFO - Trabajando en "ALEXANDER OSORIO MENDIETA.pdf"...
2024-11-07 11:09:17,095 - ERROR - No se encontro email para ALEXANDER OSORIO MENDIETA
2024-11-07 11:09:17,095 - INFO - Trabajando en "LUCIO SEBASTIAN CASTRO.pdf"...
2024-11-07 11:09:17,100 - INFO - Trabajando en "EUCARIS JORDAN GUERRA HERNANDEZ.pdf"...
2024-11-07 11:09:17,117 - INFO - Trabajando en "IVETT PATRICIA GALOFRE.pdf"...
2024-11-07 11:09:17,124 - INFO - Trabajando en "JUAN MANUEL DÍAZ OÑORO.pdf"...
2024-11-07 11:09:17,132 - INFO - Trabajando en "CARLOS ALBERTO GARCIA POLO.pdf"...
2024-11-07 11:09:17,140 - INFO - Trabajando en "CRISTIAN DE JESUS HERNANDEZ .pdf"...
2024-11-07 11:09:17,149 - INFO - Trabajando en "ANDRES ALBERTO LUQUETTA.pdf"...
2024-11-07 11:09:17,163 - INFO - Trabajando en "WILLIAM JORGE JATIB NAIZIR.pdf"...
2024-11-07 11:09:17,172 - INFO - Trabajando en "JULIO CESAR FRIAS LOSANO.pdf"...
2024-11-07 11:09:17,189 - INFO - Trabajando en "ALVARO HERNAN LOBO ALVIS.pdf"...
2024-11-07 11:09:17,198 - INFO - Trabajando en "MARIA VINENT CARDENAS.pdf"...
2024-11-07 11:09:17,209 - INFO - Trabajando en "DARIO DE JESUS MOREU INSIGNARES.pdf"...
2024-11-07 11:09:17,217 - INFO - Trabajando en "ANDRES MAURICIO MIRANDA.pdf"...
2024-11-07 11:09:17,227 - INFO - Trabajando en "MARIA DEL ROSARIO RODRIGUEZ.pdf"...
2024-11-07 11:09:17,234 - INFO - Trabajando en "REY ARTURO GONZALEZ GONZALEZ.pdf"...
2024-11-07 11:09:17,241 - INFO - Trabajando en "LINA ALVAREZ TORO.pdf"...
2024-11-07 11:09:17,251 - INFO - Trabajando en "CARLOS ANDRES IBAÑEZ MENDINUETA.pdf"...
2024-11-07 11:09:17,259 - INFO - Trabajando en "LIBARDO ANDRES ECHEVERRI.pdf"...
2024-11-07 11:09:17,268 - INFO - Trabajando en "ALVARO JULIO AGUDELO DIAZ DEL CASTILLO.pdf"...
2024-11-07 11:09:17,277 - INFO - Trabajando en "FERNANDO VLADIMIR CARDENAS.pdf"...
2024-11-07 11:09:17,286 - INFO - Trabajando en "KARINA ROSA HERAZO .pdf"...
2024-11-07 11:09:17,294 - INFO - Trabajando en "AUGUSTO CESAR OJITO PERTUZ.pdf"...
2024-11-07 11:09:17,304 - INFO - Trabajando en "PABLO EMILIO ALMARALES BLANCO.pdf"...
2024-11-07 11:09:17,310 - ERROR - No se encontro email para PABLO EMILIO ALMARALES BLANCO
2024-11-07 11:09:17,310 - INFO - Trabajando en "CAROLINA POSADA RESTREPO.pdf"...
2024-11-07 11:09:17,317 - ERROR - No se encontro email para CAROLINA POSADA RESTREPO
2024-11-07 11:09:17,317 - INFO - Trabajando en "JORGE IVAN SUAREZ ALVAREZ.pdf"...
2024-11-07 11:09:17,325 - INFO - Trabajando en "YAMIRA RODRIGUEZ NUÑEZ.pdf"...
2024-11-07 11:09:17,338 - INFO - Trabajando en "FANOR JOSE AGUIRRE ZAPATA.pdf"...
2024-11-07 11:09:17,351 - INFO - Trabajando en "SANTOS DE JESUS VIZCAINO VISBAL.pdf"...
2024-11-07 11:09:17,369 - INFO - Trabajando en "ROBERTO DAVID CAMARGO CABALLERO.pdf"...
2024-11-07 11:09:17,383 - INFO - Trabajando en "DARIO ROQUE ROCHA JIMENEZ.pdf"...
2024-11-07 11:09:17,390 - INFO - Trabajando en "SAMUEL VICENTE BUELVAS OCHOA.pdf"...
2024-11-07 11:09:17,399 - INFO - Trabajando en "VANESSA JUDITH FONTALVO MENDEZ.pdf"...
2024-11-07 11:09:17,409 - INFO - Trabajando en "MONICA PATRICIA LINDO DE LAS SALAS.pdf"...
2024-11-07 11:09:17,419 - ERROR - No se encontro email para MONICA PATRICIA LINDO DE LAS SALAS
2024-11-07 11:09:17,419 - INFO - Trabajando en "MARIA DEL PILAR REALES.pdf"...
2024-11-07 11:09:17,427 - INFO - Trabajando en "DANNY ARMANDO GONZALEZ CUETO.pdf"...
2024-11-07 11:09:17,437 - INFO - Trabajando en "ANGELA DE JESUS MARIN.pdf"...
2024-11-07 11:09:17,446 - INFO - Trabajando en "JORGE MARIO MAESTRE AMAYA.pdf"...
2024-11-07 11:09:17,462 - INFO - Trabajando en "ANA MILENA NAVARRO.pdf"...
2024-11-07 11:09:17,470 - INFO - Trabajando en "ALVARO RENE BERMEJO GONZALEZ.pdf"...
2024-11-07 11:09:17,474 - INFO - Trabajando en "YURANIS DEL CARMEN BARRERA.pdf"...
2024-11-07 11:09:17,481 - INFO - Trabajando en "ERNESTO RECUERO JIMENEZ.pdf"...
2024-11-07 11:09:17,490 - INFO - Trabajando en "JULIAN AMADOR CARDONA TORO.pdf"...
2024-11-07 11:09:17,506 - INFO - Trabajando en "JOHN CARLOS RODRIGUEZ.pdf"...
2024-11-07 11:09:17,527 - INFO - Trabajando en "ANDRES JOSE FONTALVO POLO.pdf"...
2024-11-07 11:09:17,537 - INFO - Trabajando en "FABIO ELMO DUARTE MASS.pdf"...
2024-11-07 11:09:17,549 - INFO - Trabajando en "72202685.pdf"...
2024-11-07 11:09:17,556 - INFO - Trabajando en "ANIBAL MALDONADO CURREA.pdf"...
2024-11-07 11:09:17,564 - INFO - Trabajando en "EDWARD RAFAEL YEPES FONTALVO.pdf"...
2024-11-07 11:09:17,574 - INFO - Trabajando en "RAFAEL ARMANDO OROZCO.pdf"...
2024-11-07 11:09:17,583 - INFO - Trabajando en "JAIRO FABIAN CABRERA ROJAS.pdf"...
2024-11-07 11:09:17,591 - INFO - Trabajando en "MARISOL CORDOBA GALVIS.pdf"...
2024-11-07 11:09:17,604 - INFO - Trabajando en "RODOLFO ARGUDIN JUSTIZ.pdf"...
2024-11-07 11:09:17,616 - INFO - Trabajando en "EDGARDO DAVID FÁBREGAS.pdf"...
2024-11-07 11:09:17,630 - INFO - Trabajando en "WILFRAN BARRIOS.pdf"...
2024-11-07 11:09:17,638 - INFO - Trabajando en "GISELLE MELISSA REDONDO.pdf"...
2024-11-07 11:09:17,646 - INFO - Trabajando en "RODOLFO ERNESTO WENGER CALVO.pdf"...
2024-11-07 11:09:17,655 - ERROR - No se encontro email para RODOLFO ERNESTO WENGER CALVO
2024-11-07 11:09:17,655 - INFO - Trabajando en "JUAN DAVID GONZALEZ BETANCUR.pdf"...
2024-11-07 11:09:17,660 - INFO - Trabajando en "MARIA ISABEL PIZARRO CHAVARRO.pdf"...
2024-11-07 11:09:17,667 - INFO - Trabajando en "ANA SOMOHANO ERES.pdf"...
2024-11-07 11:09:17,675 - INFO - Trabajando en "JORGE KENT BISWELL.pdf"...
2024-11-07 11:09:17,686 - INFO - Trabajando en "VERA RUA CABARCA.pdf"...
2024-11-07 11:09:17,698 - INFO - Trabajando en "MILTON ANDRES VASQUEZ.pdf"...
2024-11-07 11:09:17,706 - INFO - Trabajando en "MARIA DE LA LUZ VILLA THOMAS.pdf"...
2024-11-07 11:09:17,712 - INFO - Trabajando en "DANIELA MILE FERNANDEZ CANTILLO.pdf"...
2024-11-07 11:09:17,723 - INFO - Trabajando en "ERMIDES ENRIQUE ESCAMILLA.pdf"...
2024-11-07 11:09:17,733 - INFO - Trabajando en "ALEJANDRA ORTIZ FERNANDEZ.pdf"...
2024-11-07 11:09:17,740 - INFO - Trabajando en "ZEIDY BORNACELLI GARCIA.pdf"...
2024-11-07 11:09:17,751 - INFO - Trabajando en "MARIO RAMON ZAPATA.pdf"...
2024-11-07 11:09:17,759 - INFO - Trabajando en "LAURA MARCELA TRILLOS.pdf"...
2024-11-07 11:09:17,770 - INFO - Trabajando en "YANNY PATRICIA MANOTAS.pdf"...
2024-11-07 11:09:17,779 - INFO - Trabajando en "HOUMEHR ETMINANI .pdf"...
2024-11-07 11:09:17,787 - INFO - Trabajando en "MARCOS JAIME PUENTES FRANCO.pdf"...
2024-11-07 11:09:17,795 - INFO - Trabajando en "MILENA ISABEL AGUIRRE.pdf"...
2024-11-07 11:09:17,802 - INFO - Trabajando en "FABIOLA HERNANDEZ LASTRA.pdf"...
2024-11-07 11:09:17,809 - INFO - Trabajando en "JAIRO MOLINARES AGUILAR.pdf"...
2024-11-07 11:09:17,819 - INFO - Trabajando en "YADIRA VALDES GARCIA.pdf"...
2024-11-07 11:09:17,827 - INFO - Trabajando en "CARLOS ANDRES DIAZ.pdf"...
2024-11-07 11:09:17,838 - INFO - Trabajando en "CAMILO MORON CASTRO.pdf"...
2024-11-07 11:09:17,847 - INFO - Trabajando en "MOISES MARQUEZ LEYVA.pdf"...
2024-11-07 11:09:17,861 - INFO - Trabajando en "FERNANDO GARCIA VASQUEZ.pdf"...
2024-11-07 11:09:17,869 - INFO - Trabajando en "LUZ ANGELA FLOREZ OYAGA.pdf"...
2024-11-07 11:09:17,882 - INFO - Trabajando en "LAURA SALDARRIAGA CUPIDAN.pdf"...
2024-11-07 11:09:17,899 - INFO - Trabajando en "LUZ ANGELA VILLAMIL BRAVO.pdf"...
2024-11-07 11:09:17,910 - INFO - Trabajando en "NUBIA LEONOR FLÓREZ FORERO.pdf"...
2024-11-07 11:09:17,921 - INFO - Trabajando en "ALEXA HELIMET CORTÉS GÁLVEZ.pdf"...
2024-11-07 11:09:17,937 - INFO - Trabajando en "LIZETH MARIA CANTILLO .pdf"...
2024-11-07 11:09:17,946 - INFO - Trabajando en "RICARDO OSPINA DUQUE.pdf"...
2024-11-07 11:09:17,960 - INFO - Trabajando en "DIEGO ANGEL VALBUENA MARTON.pdf"...
2024-11-07 11:09:17,970 - INFO - Trabajando en "MARCOS JAIME PUENTES.pdf"...
2024-11-07 11:09:17,978 - INFO - Trabajando en "LOU ANTONIO GÓMEZ ROBINSON.pdf"...
2024-11-07 11:09:17,989 - INFO - Trabajando en "EDUARDO CHAVARRO BURITICA.pdf"...
2024-11-07 11:09:17,995 - INFO - Trabajando en "FERNANDO REINA TOVAR.pdf"...
2024-11-07 11:09:18,011 - INFO - Trabajando en "GUILLERMO CARBO RONDEROS.pdf"...
2024-11-07 11:09:18,022 - INFO - Trabajando en "LINA MARIA PATIÑO POSADA.pdf"...
2024-11-07 11:09:18,031 - INFO - Trabajando en "JUAN DAVID ECHEVERRY ARISTIZABAL.pdf"...
2024-11-07 11:09:18,041 - INFO - Trabajando en "DIANA CASTAÑEDA BARRAGAN.pdf"...
2024-11-07 11:09:18,045 - WARNING - DIANA CASTAÑEDA BARRAGAN.pdf no coincide el periodo
2024-11-07 11:09:18,046 - INFO - Trabajando en "RAFAEL JOSE BARRAZA .pdf"...
2024-11-07 11:09:18,053 - INFO - Trabajando en "JUAN CARLOS CALDERON .pdf"...
2024-11-07 11:09:18,061 - INFO - Trabajando en "JHONATAN ADALBER GONZALEZ.pdf"...
2024-11-07 11:09:18,068 - ERROR - No se encontro email para JHONATAN ADALBER GONZALEZ QUINTERO
2024-11-07 11:09:18,069 - INFO - Trabajando en "FABIAN DE JESUS MERCADO.pdf"...
2024-11-07 11:09:18,077 - INFO - Trabajando en "JAIME ENRIQUE SANTACRUZ .pdf"...
2024-11-07 11:09:18,084 - INFO - Trabajando en "PEDRO ARTURO MEJIA ZAMORA.pdf"...
2024-11-07 11:09:18,100 - INFO - Trabajando en "MANUEL JULIAN CAMARGO PEREZ.pdf"...
2024-11-07 11:09:18,107 - INFO - Trabajando en "JUAN DE JESUS PEREZ HINOJOSA.pdf"...
2024-11-07 11:09:18,121 - INFO - Trabajando en "FERNANDO IGNACIO CASTILLEJO.pdf"...
2024-11-07 11:09:18,127 - INFO - Trabajando en "MANUEL ANTONIO ZUÑIGA.pdf"...
2024-11-07 11:09:18,134 - INFO - Trabajando en "JORGE SUAREZ IGUARAN.pdf"...
2024-11-07 11:09:18,143 - INFO - Trabajando en "DIANA PEDROZA CADENA.pdf"...
2024-11-07 11:09:18,159 - INFO - Trabajando en "OLGA LUCIA RUIZ ECHEVERRI.pdf"...
2024-11-07 11:09:18,166 - INFO - Trabajando en "LUIS FERNANDO SANCHEZ GOODING.pdf"...
2024-11-07 11:09:18,180 - INFO - Trabajando en "RODRIGO MANUEL VILLALON REINA.pdf"...
2024-11-07 11:09:18,188 - INFO - Trabajando en "ISABEL CRISTINA RAMIREZ BOTERO.pdf"...
